{"uuid":"81d036d3-1870-4cdc-8ec2-2b84fb58cba7","historyId":"d616a26bf0bf92fbc60cb1acbe910a3b","fullName":"Regression Tests: Empty flight check-in form should show error messages when searched without filling up","labels":[{"name":"host","value":"Dmytros-MBP.fios-router.home"},{"name":"thread","value":"32573@Dmytros-MBP.fios-router.home.main(1)"},{"name":"feature","value":"Regression Tests"},{"name":"story","value":"Empty flight check-in form should show error messages when searched without filling up"},{"name":"suite","value":"Regression Tests"},{"name":"testClass","value":"Empty flight check-in form should show error messages when searched without filling up"},{"name":"framework","value":"cucumber4jvm"},{"name":"language","value":"java"},{"name":"gherkin_uri","value":"file:///Users/dkaplunskyi/IdeaProjects/united/src/test/resources/features/regression/Check_in.feature"},{"name":"package","value":"src.test.resources.features.regression.Check_in_feature.Regression Tests"}],"links":[],"name":"Empty flight check-in form should show error messages when searched without filling up","status":"broken","statusDetails":{"known":false,"muted":false,"flaky":false,"message":"element not interactable\n  (Session info: chrome=96.0.4664.93)\nBuild info: version: '4.1.0', revision: '87802e897b'\nSystem info: host: 'Dmytros-MBP.fios-router.home', ip: 'fe80:0:0:0:41c:c470:d637:5f1c%en0', os.name: 'Mac OS X', os.arch: 'aarch64', os.version: '11.6', java.version: '17'\nDriver info: org.openqa.selenium.chrome.ChromeDriver\nCommand: [79b8e759dd54c44e3cf8fe52009ad943, clickElement {id=e5f60ecc-de9d-4a26-aa97-28e26f5875a5}]\nCapabilities {acceptInsecureCerts: false, browserName: chrome, browserVersion: 96.0.4664.93, chrome: {chromedriverVersion: 96.0.4664.45 (76e4c1bb2ab46..., userDataDir: /var/folders/cg/5l6bcwvx01x...}, goog:chromeOptions: {debuggerAddress: localhost:50009}, javascriptEnabled: true, networkConnectionEnabled: false, pageLoadStrategy: normal, platform: MAC, platformName: MAC, proxy: Proxy(), se:cdp: ws://localhost:50009/devtoo..., se:cdpVersion: 96.0.4664.93, setWindowRect: true, strictFileInteractability: false, timeouts: {implicit: 0, pageLoad: 300000, script: 30000}, unhandledPromptBehavior: dismiss and notify, webauthn:extension:credBlob: true, webauthn:extension:largeBlob: true, webauthn:virtualAuthenticators: true}\nElement: [[ChromeDriver: chrome on MAC (79b8e759dd54c44e3cf8fe52009ad943)] -> css selector: #formSubmitBtn]\nSession ID: 79b8e759dd54c44e3cf8fe52009ad943","trace":"org.openqa.selenium.ElementNotInteractableException: element not interactable\n  (Session info: chrome=96.0.4664.93)\nBuild info: version: '4.1.0', revision: '87802e897b'\nSystem info: host: 'Dmytros-MBP.fios-router.home', ip: 'fe80:0:0:0:41c:c470:d637:5f1c%en0', os.name: 'Mac OS X', os.arch: 'aarch64', os.version: '11.6', java.version: '17'\nDriver info: org.openqa.selenium.chrome.ChromeDriver\nCommand: [79b8e759dd54c44e3cf8fe52009ad943, clickElement {id=e5f60ecc-de9d-4a26-aa97-28e26f5875a5}]\nCapabilities {acceptInsecureCerts: false, browserName: chrome, browserVersion: 96.0.4664.93, chrome: {chromedriverVersion: 96.0.4664.45 (76e4c1bb2ab46..., userDataDir: /var/folders/cg/5l6bcwvx01x...}, goog:chromeOptions: {debuggerAddress: localhost:50009}, javascriptEnabled: true, networkConnectionEnabled: false, pageLoadStrategy: normal, platform: MAC, platformName: MAC, proxy: Proxy(), se:cdp: ws://localhost:50009/devtoo..., se:cdpVersion: 96.0.4664.93, setWindowRect: true, strictFileInteractability: false, timeouts: {implicit: 0, pageLoad: 300000, script: 30000}, unhandledPromptBehavior: dismiss and notify, webauthn:extension:credBlob: true, webauthn:extension:largeBlob: true, webauthn:virtualAuthenticators: true}\nElement: [[ChromeDriver: chrome on MAC (79b8e759dd54c44e3cf8fe52009ad943)] -> css selector: #formSubmitBtn]\nSession ID: 79b8e759dd54c44e3cf8fe52009ad943\n\tat java.base/jdk.internal.reflect.NativeConstructorAccessorImpl.newInstance0(Native Method)\n\tat java.base/jdk.internal.reflect.NativeConstructorAccessorImpl.newInstance(NativeConstructorAccessorImpl.java:77)\n\tat java.base/jdk.internal.reflect.DelegatingConstructorAccessorImpl.newInstance(DelegatingConstructorAccessorImpl.java:45)\n\tat java.base/java.lang.reflect.Constructor.newInstanceWithCaller(Constructor.java:499)\n\tat java.base/java.lang.reflect.Constructor.newInstance(Constructor.java:480)\n\tat org.openqa.selenium.remote.codec.w3c.W3CHttpResponseCodec.createException(W3CHttpResponseCodec.java:200)\n\tat org.openqa.selenium.remote.codec.w3c.W3CHttpResponseCodec.decode(W3CHttpResponseCodec.java:133)\n\tat org.openqa.selenium.remote.codec.w3c.W3CHttpResponseCodec.decode(W3CHttpResponseCodec.java:53)\n\tat org.openqa.selenium.remote.HttpCommandExecutor.execute(HttpCommandExecutor.java:184)\n\tat org.openqa.selenium.remote.service.DriverCommandExecutor.invokeExecute(DriverCommandExecutor.java:164)\n\tat org.openqa.selenium.remote.service.DriverCommandExecutor.execute(DriverCommandExecutor.java:139)\n\tat org.openqa.selenium.remote.RemoteWebDriver.execute(RemoteWebDriver.java:559)\n\tat org.openqa.selenium.remote.RemoteWebElement.execute(RemoteWebElement.java:251)\n\tat org.openqa.selenium.remote.RemoteWebElement.click(RemoteWebElement.java:77)\n\tat jdk.internal.reflect.GeneratedMethodAccessor53.invoke(Unknown Source)\n\tat java.base/jdk.internal.reflect.DelegatingMethodAccessorImpl.invoke(DelegatingMethodAccessorImpl.java:43)\n\tat java.base/java.lang.reflect.Method.invoke(Method.java:568)\n\tat org.openqa.selenium.support.pagefactory.internal.LocatingElementHandler.invoke(LocatingElementHandler.java:52)\n\tat jdk.proxy2/jdk.proxy2.$Proxy27.click(Unknown Source)\n\tat com.united.steps.regression.Check_in_steps.click_on_search_button(Check_in_steps.java:20)\n\tat ✽.click on Search button(file:///Users/dkaplunskyi/IdeaProjects/united/src/test/resources/features/regression/Check_in.feature:8)\n"},"stage":"finished","steps":[{"name":"When  home page loaded click Check-in tab","status":"passed","statusDetails":{"known":false,"muted":false,"flaky":false},"stage":"finished","steps":[],"attachments":[],"parameters":[],"start":1638982786591,"stop":1638982786669},{"name":"Then  click on Search button","status":"broken","statusDetails":{"known":false,"muted":false,"flaky":false,"message":"element not interactable\n  (Session info: chrome=96.0.4664.93)\nBuild info: version: '4.1.0', revision: '87802e897b'\nSystem info: host: 'Dmytros-MBP.fios-router.home', ip: 'fe80:0:0:0:41c:c470:d637:5f1c%en0', os.name: 'Mac OS X', os.arch: 'aarch64', os.version: '11.6', java.version: '17'\nDriver info: org.openqa.selenium.chrome.ChromeDriver\nCommand: [79b8e759dd54c44e3cf8fe52009ad943, clickElement {id=e5f60ecc-de9d-4a26-aa97-28e26f5875a5}]\nCapabilities {acceptInsecureCerts: false, browserName: chrome, browserVersion: 96.0.4664.93, chrome: {chromedriverVersion: 96.0.4664.45 (76e4c1bb2ab46..., userDataDir: /var/folders/cg/5l6bcwvx01x...}, goog:chromeOptions: {debuggerAddress: localhost:50009}, javascriptEnabled: true, networkConnectionEnabled: false, pageLoadStrategy: normal, platform: MAC, platformName: MAC, proxy: Proxy(), se:cdp: ws://localhost:50009/devtoo..., se:cdpVersion: 96.0.4664.93, setWindowRect: true, strictFileInteractability: false, timeouts: {implicit: 0, pageLoad: 300000, script: 30000}, unhandledPromptBehavior: dismiss and notify, webauthn:extension:credBlob: true, webauthn:extension:largeBlob: true, webauthn:virtualAuthenticators: true}\nElement: [[ChromeDriver: chrome on MAC (79b8e759dd54c44e3cf8fe52009ad943)] -> css selector: #formSubmitBtn]\nSession ID: 79b8e759dd54c44e3cf8fe52009ad943","trace":"org.openqa.selenium.ElementNotInteractableException: element not interactable\n  (Session info: chrome=96.0.4664.93)\nBuild info: version: '4.1.0', revision: '87802e897b'\nSystem info: host: 'Dmytros-MBP.fios-router.home', ip: 'fe80:0:0:0:41c:c470:d637:5f1c%en0', os.name: 'Mac OS X', os.arch: 'aarch64', os.version: '11.6', java.version: '17'\nDriver info: org.openqa.selenium.chrome.ChromeDriver\nCommand: [79b8e759dd54c44e3cf8fe52009ad943, clickElement {id=e5f60ecc-de9d-4a26-aa97-28e26f5875a5}]\nCapabilities {acceptInsecureCerts: false, browserName: chrome, browserVersion: 96.0.4664.93, chrome: {chromedriverVersion: 96.0.4664.45 (76e4c1bb2ab46..., userDataDir: /var/folders/cg/5l6bcwvx01x...}, goog:chromeOptions: {debuggerAddress: localhost:50009}, javascriptEnabled: true, networkConnectionEnabled: false, pageLoadStrategy: normal, platform: MAC, platformName: MAC, proxy: Proxy(), se:cdp: ws://localhost:50009/devtoo..., se:cdpVersion: 96.0.4664.93, setWindowRect: true, strictFileInteractability: false, timeouts: {implicit: 0, pageLoad: 300000, script: 30000}, unhandledPromptBehavior: dismiss and notify, webauthn:extension:credBlob: true, webauthn:extension:largeBlob: true, webauthn:virtualAuthenticators: true}\nElement: [[ChromeDriver: chrome on MAC (79b8e759dd54c44e3cf8fe52009ad943)] -> css selector: #formSubmitBtn]\nSession ID: 79b8e759dd54c44e3cf8fe52009ad943\n\tat java.base/jdk.internal.reflect.NativeConstructorAccessorImpl.newInstance0(Native Method)\n\tat java.base/jdk.internal.reflect.NativeConstructorAccessorImpl.newInstance(NativeConstructorAccessorImpl.java:77)\n\tat java.base/jdk.internal.reflect.DelegatingConstructorAccessorImpl.newInstance(DelegatingConstructorAccessorImpl.java:45)\n\tat java.base/java.lang.reflect.Constructor.newInstanceWithCaller(Constructor.java:499)\n\tat java.base/java.lang.reflect.Constructor.newInstance(Constructor.java:480)\n\tat org.openqa.selenium.remote.codec.w3c.W3CHttpResponseCodec.createException(W3CHttpResponseCodec.java:200)\n\tat org.openqa.selenium.remote.codec.w3c.W3CHttpResponseCodec.decode(W3CHttpResponseCodec.java:133)\n\tat org.openqa.selenium.remote.codec.w3c.W3CHttpResponseCodec.decode(W3CHttpResponseCodec.java:53)\n\tat org.openqa.selenium.remote.HttpCommandExecutor.execute(HttpCommandExecutor.java:184)\n\tat org.openqa.selenium.remote.service.DriverCommandExecutor.invokeExecute(DriverCommandExecutor.java:164)\n\tat org.openqa.selenium.remote.service.DriverCommandExecutor.execute(DriverCommandExecutor.java:139)\n\tat org.openqa.selenium.remote.RemoteWebDriver.execute(RemoteWebDriver.java:559)\n\tat org.openqa.selenium.remote.RemoteWebElement.execute(RemoteWebElement.java:251)\n\tat org.openqa.selenium.remote.RemoteWebElement.click(RemoteWebElement.java:77)\n\tat jdk.internal.reflect.GeneratedMethodAccessor53.invoke(Unknown Source)\n\tat java.base/jdk.internal.reflect.DelegatingMethodAccessorImpl.invoke(DelegatingMethodAccessorImpl.java:43)\n\tat java.base/java.lang.reflect.Method.invoke(Method.java:568)\n\tat org.openqa.selenium.support.pagefactory.internal.LocatingElementHandler.invoke(LocatingElementHandler.java:52)\n\tat jdk.proxy2/jdk.proxy2.$Proxy27.click(Unknown Source)\n\tat com.united.steps.regression.Check_in_steps.click_on_search_button(Check_in_steps.java:20)\n\tat ✽.click on Search button(file:///Users/dkaplunskyi/IdeaProjects/united/src/test/resources/features/regression/Check_in.feature:8)\n"},"stage":"finished","steps":[],"attachments":[],"parameters":[],"start":1638982786669,"stop":1638982796772},{"name":"And  verify that the warning messages are displayed","status":"skipped","statusDetails":{"known":false,"muted":false,"flaky":false},"stage":"finished","steps":[],"attachments":[],"parameters":[],"start":1638982796772,"stop":1638982796773}],"attachments":[],"parameters":[],"start":1638982778651,"stop":1638982796876}