<?xml version="1.0" encoding="UTF-8"?>
<testng-results ignored="0" total="1" passed="1" failed="0" skipped="0">
  <reporter-output>
  </reporter-output>
  <suite started-at="2021-12-14T10:18:54 EST" name="com.united.TestRunner" finished-at="2021-12-14T10:19:01 EST" duration-ms="6838">
    <groups>
      <group name="cucumber">
        <method signature="AbstractTestNGCucumberTests.runScenario(io.cucumber.testng.PickleWrapper,io.cucumber.testng.FeatureWrapper)[pri:0, instance:com.united.TestRunner@37ceb1df]" name="runScenario" class="io.cucumber.testng.AbstractTestNGCucumberTests"/>
      </group> <!-- cucumber -->
    </groups>
    <test started-at="2021-12-14T10:18:54 EST" name="Command line test" finished-at="2021-12-14T10:19:01 EST" duration-ms="6838">
      <class name="com.united.TestRunner">
        <test-method is-config="true" signature="setUpClass()[pri:0, instance:com.united.TestRunner@37ceb1df]" started-at="2021-12-14T10:18:54 EST" name="setUpClass" finished-at="2021-12-14T10:18:54 EST" duration-ms="117" status="PASS">
          <reporter-output>
          </reporter-output>
        </test-method> <!-- setUpClass -->
        <test-method signature="runScenario(io.cucumber.testng.PickleWrapper,io.cucumber.testng.FeatureWrapper)[pri:0, instance:com.united.TestRunner@37ceb1df]" started-at="2021-12-14T10:18:54 EST" name="runScenario" description="Runs Cucumber Scenarios" data-provider="scenarios" finished-at="2021-12-14T10:19:01 EST" duration-ms="6703" status="PASS">
          <params>
            <param index="0">
              <value>
                <![CDATA["Verify app is loaded with a main search window with following tabs: Book, Flight status, Check-in, My trips"]]>
              </value>
            </param>
            <param index="1">
              <value>
                <![CDATA["Optional[Smoke Tests]"]]>
              </value>
            </param>
          </params>
          <reporter-output>
          </reporter-output>
        </test-method> <!-- runScenario -->
        <test-method is-config="true" signature="tearDownClass()[pri:0, instance:com.united.TestRunner@37ceb1df]" started-at="2021-12-14T10:19:01 EST" name="tearDownClass" finished-at="2021-12-14T10:19:01 EST" duration-ms="2" status="PASS">
          <reporter-output>
          </reporter-output>
        </test-method> <!-- tearDownClass -->
      </class> <!-- com.united.TestRunner -->
    </test> <!-- Command line test -->
  </suite> <!-- com.united.TestRunner -->
</testng-results>
